[18:03:51] [main/INFO] (FabricLoader/GameProvider) Loading Minecraft 1.20.1 with Fabric Loader 0.14.24
[18:03:51] [main/INFO] (FabricLoader) Loading 44 mods:
	- fabric-api 0.90.7+1.20.1
	- fabric-api-base 0.4.30+7abfd51577
	- fabric-api-lookup-api-v1 1.6.35+4d8536c977
	- fabric-biome-api-v1 13.0.12+215bbe9677
	- fabric-block-api-v1 1.0.10+92a0d36777
	- fabric-block-view-api-v2 1.0.0+92a0d36777
	- fabric-command-api-v1 1.2.33+f71b366f77
	- fabric-command-api-v2 2.2.12+b3afc78b77
	- fabric-commands-v0 0.2.50+df3654b377
	- fabric-containers-v0 0.1.63+df3654b377
	- fabric-content-registries-v0 4.0.10+57aed33f77
	- fabric-convention-tags-v1 1.5.4+a1a980da77
	- fabric-crash-report-info-v1 0.2.18+aeb40ebe77
	- fabric-data-generation-api-v1 12.3.2+d7b148e077
	- fabric-dimensions-v1 2.1.53+8536527b77
	- fabric-entity-events-v1 1.5.22+b3afc78b77
	- fabric-events-interaction-v0 0.6.1+e91849a877
	- fabric-events-lifecycle-v0 0.2.62+df3654b377
	- fabric-game-rule-api-v1 1.0.39+ae9f657a77
	- fabric-gametest-api-v1 1.2.12+b3afc78b77
	- fabric-item-api-v1 2.1.27+b3afc78b77
	- fabric-item-group-api-v1 4.0.11+d7b148e077
	- fabric-lifecycle-events-v1 2.2.21+b3afc78b77
	- fabric-loot-api-v2 1.2.0+96dfa95977
	- fabric-loot-tables-v1 1.1.44+9e7660c677
	- fabric-message-api-v1 5.1.8+d7b148e077
	- fabric-mining-level-api-v1 2.1.49+b3afc78b77
	- fabric-networking-api-v1 1.3.10+eeb8eb3677
	- fabric-networking-v0 0.3.50+df3654b377
	- fabric-object-builder-api-v1 11.1.2+4ee0bc6077
	- fabric-particles-v1 1.1.1+201a23a077
	- fabric-recipe-api-v1 1.0.20+b3afc78b77
	- fabric-registry-sync-v0 2.3.2+4df89eb277
	- fabric-rendering-data-attachment-v1 0.3.36+92a0d36777
	- fabric-rendering-fluids-v1 3.0.27+b3afc78b77
	- fabric-resource-conditions-api-v1 2.3.6+d7b148e077
	- fabric-resource-loader-v0 0.11.9+132c48c177
	- fabric-screen-handler-api-v1 1.3.29+b3afc78b77
	- fabric-transfer-api-v1 3.3.2+1bc31aeb77
	- fabric-transitive-access-wideners-v1 4.3.0+6c31357e77
	- fabricloader 0.14.24
	- java 17
	- minceraft 1.0.0
	- minecraft 1.20.1
[18:03:51] [main/INFO] (FabricLoader/Mixin) SpongePowered MIXIN Subsystem Version=0.8.5 Source=file:/Users/default/.gradle/caches/modules-2/files-2.1/net.fabricmc/sponge-mixin/0.12.5+mixin.0.8.5/8d31fb97c3e0cd7c8dad3441851c523bcfae6d8e/sponge-mixin-0.12.5+mixin.0.8.5.jar Service=Knot/Fabric Env=SERVER
[18:03:51] [main/INFO] (FabricLoader/Mixin) Loaded Fabric development mappings for mixin remapper!
[18:03:51] [main/INFO] (FabricLoader/Mixin) Compatibility level set to JAVA_16
[18:03:51] [main/INFO] (FabricLoader/Mixin) Compatibility level set to JAVA_17
[18:03:51] [main/WARN] (FabricLoader/Mixin) Error loading class: net/minecraft/client/MinecraftClient (java.lang.RuntimeException: Cannot load class net.minecraft.client.MinecraftClient in environment type SERVER)
[18:03:51] [main/WARN] (FabricLoader/Mixin) @Mixin target net.minecraft.client.MinecraftClient was not found shit.mixins.json:ClientPlayerInteractionManagerMixin from mod minceraft
[18:03:51] [main/WARN] (FabricLoader/Mixin) Error loading class: net/minecraft/client/gui/screen/TitleScreen (java.lang.RuntimeException: Cannot load class net.minecraft.client.gui.screen.TitleScreen in environment type SERVER)
[18:03:51] [main/WARN] (FabricLoader/Mixin) @Mixin target net.minecraft.client.gui.screen.TitleScreen was not found shit.mixins.json:TDBTDMixin from mod minceraft
[18:04:00] [main/INFO] (Koil Connector - Spirit) > --Loaded || the-shit-of-crypt/src/main/java/com/spirit/shit/ShitMod
[18:04:00] [main/INFO] (shit) > --Connected || the-shit-of-crypt/src/main/java/com/spirit/shit/ShitMod
[18:04:00] [main/INFO] (Koil Connector - Spirit) > --Checked || the-shit-of-crypt/src/main/java/com/spirit/tdbtd/TDBTDMod
[18:04:00] [main/INFO] (tdbtd) > --Connected || the-shit-of-crypt/src/main/java/com/spirit/tdbtd/TDBTDMod
[18:04:00] [main/INFO] (Koil Connector - Spirit) > --Loaded || the-shit-of-crypt/src/main/java/com/spirit/... ~ main
[18:04:00] [main/INFO] (Minecraft) [STDOUT]: ShitItems.BULLET: air
[18:04:00] [main/INFO] (Minecraft) [STDOUT]: ShitItems.SHELL: air
[18:04:00] [main/INFO] (Minecraft) [STDOUT]: ShitItems.RIFLE_BULLET: air
[18:04:00] [main/INFO] (Minecraft) [STDOUT]: ShitItems.SLUG: air
[18:04:00] [main/INFO] (Minecraft) [STDOUT]: Getting item for ammo type rifle_bullet: air
[18:04:00] [main/INFO] (Minecraft) [STDOUT]: Getting item for ammo type shell: air
[18:04:00] [main/INFO] (Minecraft) [STDOUT]: Getting item for ammo type slug: air
[18:04:00] [main/INFO] (Minecraft) [STDOUT]: Getting item for ammo type bullet: air
[18:04:00] [main/INFO] (Minecraft) [STDOUT]: Getting item for ammo type rifle_bullet: air
[18:04:00] [main/INFO] (Minecraft) [STDOUT]: Getting item for ammo type bullet: air
[18:04:00] [main/INFO] (Minecraft) [STDOUT]: Getting item for ammo type rifle_bullet: air
[18:04:00] [main/INFO] (Minecraft) [STDOUT]: Getting item for ammo type bullet: air
[18:04:00] [main/INFO] (Minecraft) [STDOUT]: Getting item for ammo type rifle_bullet: air
[18:04:00] [main/INFO] (Minecraft) [STDOUT]: Getting item for ammo type bullet: air
[18:04:00] [main/INFO] (Minecraft) [STDOUT]: Getting item for ammo type bullet: air
[18:04:00] [main/INFO] (Minecraft) [STDOUT]: Getting item for ammo type bullet: air
[18:04:00] [main/INFO] (Minecraft) [STDOUT]: Getting item for ammo type shell: air
[18:04:00] [main/INFO] (Minecraft) [STDOUT]: Getting item for ammo type slug: air
[18:04:00] [main/INFO] (Minecraft) [STDOUT]: Getting item for ammo type shell: air
[18:04:00] [main/INFO] (Minecraft) [STDOUT]: Getting item for ammo type slug: air
[18:04:07] [main/ERROR] (Minecraft) Failed to start the minecraft server
java.lang.RuntimeException: Could not execute entrypoint stage 'main' due to errors, provided by 'minceraft'!
	at net.fabricmc.loader.impl.FabricLoaderImpl.lambda$invokeEntrypoints$2(FabricLoaderImpl.java:387) ~[fabric-loader-0.14.24.jar:?]
	at net.fabricmc.loader.impl.util.ExceptionUtil.gatherExceptions(ExceptionUtil.java:33) ~[fabric-loader-0.14.24.jar:?]
	at net.fabricmc.loader.impl.FabricLoaderImpl.invokeEntrypoints(FabricLoaderImpl.java:385) ~[fabric-loader-0.14.24.jar:?]
	at net.fabricmc.loader.impl.game.minecraft.Hooks.startServer(Hooks.java:63) ~[fabric-loader-0.14.24.jar:?]
	at net.minecraft.server.Main.main(Main.java:113) ~[minecraft-common-project-root-1.20.1-net.fabricmc.yarn.1_20_1.1.20.1+build.10-v2.jar:?]
	at net.fabricmc.loader.impl.game.minecraft.MinecraftGameProvider.launch(MinecraftGameProvider.java:470) ~[fabric-loader-0.14.24.jar:?]
	at net.fabricmc.loader.impl.launch.knot.Knot.launch(Knot.java:74) ~[fabric-loader-0.14.24.jar:?]
	at net.fabricmc.loader.impl.launch.knot.KnotServer.main(KnotServer.java:23) ~[fabric-loader-0.14.24.jar:?]
	at net.fabricmc.devlaunchinjector.Main.main(Main.java:86) ~[dev-launch-injector-0.2.1+build.8.jar:?]
Caused by: java.lang.IllegalArgumentException: Cannot add spawns for entities with spawnGroup=MISC since they'd be replaced by pigs.
	at com.google.common.base.Preconditions.checkArgument(Preconditions.java:145) ~[guava-31.1-jre.jar:?]
	at net.fabricmc.fabric.api.biome.v1.BiomeModifications.addSpawn(BiomeModifications.java:74) ~[fabric-biome-api-v1-common-13.0.12+215bbe9677.jar:?]
	at com.spirit.tdbtd.global.world.gen.TDBTDEntitySpawn.addEntitySpawn(TDBTDEntitySpawn.java:14) ~[client/:?]
	at com.spirit.tdbtd.global.world.gen.TDBTDWorldGeneration.generateTDBTDWorldGen(TDBTDWorldGeneration.java:11) ~[client/:?]
	at com.spirit.tdbtd.TDBTDMod.onInitialize(TDBTDMod.java:46) ~[client/:?]
	at net.fabricmc.loader.impl.FabricLoaderImpl.invokeEntrypoints(FabricLoaderImpl.java:383) ~[fabric-loader-0.14.24.jar:?]
	... 6 more
